<?xml version="1.0" encoding="utf-8"?>
<test-run id="2" testcasecount="6" result="Passed" total="6" passed="6" failed="0" inconclusive="0" skipped="0" asserts="0" engine-version="3.5.0.0" clr-version="4.0.30319.42000" start-time="2026-02-21 12:42:21Z" end-time="2026-02-21 12:42:21Z" duration="0.0650267">
  <test-suite type="TestSuite" id="1015" name="DungeonGeneration" fullname="DungeonGeneration" runstate="Runnable" testcasecount="6" result="Passed" start-time="2026-02-21 12:42:21Z" end-time="2026-02-21 12:42:21Z" duration="0.065027" total="6" passed="6" failed="0" inconclusive="0" skipped="0" asserts="0">
    <properties>
      <property name="platform" value="EditMode" />
    </properties>
    <test-suite type="Assembly" id="1010" name="Tests.dll" fullname="C:/Users/fenix/RiderProjects/AlgirithmsAndAILabAssignment/src/DungeonGeneration/Library/ScriptAssemblies/Tests.dll" runstate="Runnable" testcasecount="6" result="Passed" start-time="2026-02-21 12:42:21Z" end-time="2026-02-21 12:42:21Z" duration="0.055265" total="6" passed="6" failed="0" inconclusive="0" skipped="0" asserts="0">
      <properties>
        <property name="_PID" value="31084" />
        <property name="_APPDOMAIN" value="Unity Child Domain" />
        <property name="platform" value="EditMode" />
        <property name="EditorOnly" value="True" />
      </properties>
      <test-suite type="TestFixture" id="1001" name="DelauneyTest" fullname="DelauneyTest" classname="DelauneyTest" runstate="Runnable" testcasecount="1" result="Passed" start-time="2026-02-21 12:42:21Z" end-time="2026-02-21 12:42:21Z" duration="0.025929" total="1" passed="1" failed="0" inconclusive="0" skipped="0" asserts="0">
        <properties />
        <test-case id="1002" name="Create_WithSquareAndCenter_ProducesDelaunayTriangles_AndNonDegenerateUniqueEdges" fullname="DelauneyTest.Create_WithSquareAndCenter_ProducesDelaunayTriangles_AndNonDegenerateUniqueEdges" methodname="Create_WithSquareAndCenter_ProducesDelaunayTriangles_AndNonDegenerateUniqueEdges" classname="DelauneyTest" runstate="Runnable" seed="1551297075" result="Passed" start-time="2026-02-21 12:42:21Z" end-time="2026-02-21 12:42:21Z" duration="0.013689" asserts="0">
          <properties>
            <property name="retryIteration" value="0" />
            <property name="repeatIteration" value="0" />
          </properties>
        </test-case>
      </test-suite>
      <test-suite type="TestFixture" id="1003" name="MSTTest" fullname="MSTTest" classname="MSTTest" runstate="Runnable" testcasecount="1" result="Passed" start-time="2026-02-21 12:42:21Z" end-time="2026-02-21 12:42:21Z" duration="0.015083" total="1" passed="1" failed="0" inconclusive="0" skipped="0" asserts="0">
        <properties />
        <test-case id="1004" name="GetMST_WithDisconnectedGraph_ReturnsPartialTree_AndDoesNotThrow" fullname="MSTTest.GetMST_WithDisconnectedGraph_ReturnsPartialTree_AndDoesNotThrow" methodname="GetMST_WithDisconnectedGraph_ReturnsPartialTree_AndDoesNotThrow" classname="MSTTest" runstate="Runnable" seed="1364446882" result="Passed" start-time="2026-02-21 12:42:21Z" end-time="2026-02-21 12:42:21Z" duration="0.003346" asserts="0">
          <properties>
            <property name="retryIteration" value="0" />
            <property name="repeatIteration" value="0" />
          </properties>
        </test-case>
      </test-suite>
      <test-suite type="TestFixture" id="1005" name="PathfinderTest" fullname="PathfinderTest" classname="PathfinderTest" runstate="Runnable" testcasecount="4" result="Passed" start-time="2026-02-21 12:42:21Z" end-time="2026-02-21 12:42:21Z" duration="0.011624" total="4" passed="4" failed="0" inconclusive="0" skipped="0" asserts="0">
        <properties />
        <test-case id="1007" name="FindPath_OnUniformCostGrid_ReturnsContiguousPathStartingAndEndingCorrectly" fullname="PathfinderTest.FindPath_OnUniformCostGrid_ReturnsContiguousPathStartingAndEndingCorrectly" methodname="FindPath_OnUniformCostGrid_ReturnsContiguousPathStartingAndEndingCorrectly" classname="PathfinderTest" runstate="Runnable" seed="1610678286" result="Passed" start-time="2026-02-21 12:42:21Z" end-time="2026-02-21 12:42:21Z" duration="0.006707" asserts="0">
          <properties>
            <property name="retryIteration" value="0" />
            <property name="repeatIteration" value="0" />
          </properties>
        </test-case>
        <test-case id="1006" name="FindPath_WhenAllMovesBlocked_ReturnsNull" fullname="PathfinderTest.FindPath_WhenAllMovesBlocked_ReturnsNull" methodname="FindPath_WhenAllMovesBlocked_ReturnsNull" classname="PathfinderTest" runstate="Runnable" seed="1024392290" result="Passed" start-time="2026-02-21 12:42:21Z" end-time="2026-02-21 12:42:21Z" duration="0.000313" asserts="0">
          <properties>
            <property name="retryIteration" value="0" />
            <property name="repeatIteration" value="0" />
          </properties>
        </test-case>
        <test-case id="1009" name="FindPath_WhenStartEqualsEnd_ReturnsPathWithSingleNode" fullname="PathfinderTest.FindPath_WhenStartEqualsEnd_ReturnsPathWithSingleNode" methodname="FindPath_WhenStartEqualsEnd_ReturnsPathWithSingleNode" classname="PathfinderTest" runstate="Runnable" seed="237700795" result="Passed" start-time="2026-02-21 12:42:21Z" end-time="2026-02-21 12:42:21Z" duration="0.000258" asserts="0">
          <properties>
            <property name="retryIteration" value="0" />
            <property name="repeatIteration" value="0" />
          </properties>
        </test-case>
        <test-case id="1008" name="FindPath_WithWeightedNodes_TakesCheaperLongerRoute" fullname="PathfinderTest.FindPath_WithWeightedNodes_TakesCheaperLongerRoute" methodname="FindPath_WithWeightedNodes_TakesCheaperLongerRoute" classname="PathfinderTest" runstate="Runnable" seed="385124585" result="Passed" start-time="2026-02-21 12:42:21Z" end-time="2026-02-21 12:42:21Z" duration="0.000806" asserts="0">
          <properties>
            <property name="retryIteration" value="0" />
            <property name="repeatIteration" value="0" />
          </properties>
          <output><![CDATA[Saving results to: C:/Users/fenix/AppData/LocalLow/DefaultCompany/DungeonGeneration\TestResults.xml
]]></output>
        </test-case>
      </test-suite>
    </test-suite>
  </test-suite>
</test-run>